<?xml version="1.0" encoding="UTF-8"?>
<!-- Generated by org.testng.reporters.JUnitReportReporter -->
<testsuite hostname="Ryhan" failures="0" tests="2" name="AccountTest" time="0.827" errors="0" timestamp="2022-02-26T19:55:51 SGT" skipped="0">
  <testcase classname="AccountTest" name="checkRegister" time="0.428"/>
  <system-out/>
  <testcase classname="AccountTest" name="checkLogin" time="0.399"/>
  <system-out/>
</testsuite> <!-- AccountTest -->
