<?xml version="1.0" encoding="UTF-8"?>
<!-- Generated by org.testng.reporters.JUnitReportReporter -->
<testsuite hostname="LAPTOP-CSB3AQ9V" failures="0" tests="3" name="NewTest" time="2.674" errors="0" timestamp="2022-02-24T17:19:49 SGT" skipped="0">
  <testcase classname="NewTest" name="checkPage" time="0.117"/>
  <testcase classname="NewTest" name="deleteMovie" time="0.132"/>
  <testcase classname="NewTest" name="checkMovie" time="2.425"/>
</testsuite> <!-- NewTest -->
