<?xml version="1.0" encoding="UTF-8"?>
<!-- Generated by org.testng.reporters.JUnitReportReporter -->
<testsuite hostname="Ryhan" failures="0" tests="2" name="AccountTest" time="0.834" errors="0" timestamp="2022-02-26T19:05:29 SGT" skipped="0">
  <testcase classname="AccountTest" name="checkRegister" time="0.424"/>
  <system-out/>
  <testcase classname="AccountTest" name="checkLogin" time="0.410"/>
  <system-out/>
</testsuite> <!-- AccountTest -->
