<?xml version="1.0" encoding="UTF-8"?>
<!-- Generated by org.testng.reporters.JUnitReportReporter -->
<testsuite hostname="Ryhan" failures="0" tests="2" name="com.sddevops.moview_project.eclipse.AccountTest" time="0.550" errors="0" timestamp="2022-02-26T20:54:47 SGT" skipped="0">
  <testcase classname="com.sddevops.moview_project.eclipse.AccountTest" name="checkRegister" time="0.290"/>
  <system-out/>
  <testcase classname="com.sddevops.moview_project.eclipse.AccountTest" name="checkLogin" time="0.260"/>
  <system-out/>
</testsuite> <!-- com.sddevops.moview_project.eclipse.AccountTest -->
